# JRE version: Java(TM) SE Runtime Environment (8.0_171-b11) (build 1.8.0_171-b11)
# Java VM: Java HotSpot(TM) 64-Bit Server VM (25.171-b11 mixed mode windows-amd64 compressed oops)
Heap:
 PSYoungGen      total 213504K, used 114153K [0x00000000e0000000, 0x00000000f0d80000, 0x0000000100000000)
  eden space 195584K, 54% used [0x00000000e0000000,0x00000000e6826730,0x00000000ebf00000)
  from space 17920K, 41% used [0x00000000ebf00000,0x00000000ec653cf0,0x00000000ed080000)
  to   space 17408K, 0% used [0x00000000efc80000,0x00000000efc80000,0x00000000f0d80000)
 ParOldGen       total 122880K, used 49761K [0x00000000a0000000, 0x00000000a7800000, 0x00000000e0000000)
  object space 122880K, 40% used [0x00000000a0000000,0x00000000a30987d8,0x00000000a7800000)
 Metaspace       used 72233K, capacity 74944K, committed 75264K, reserved 1114112K
  class space    used 9777K, capacity 10415K, committed 10496K, reserved 1048576K
GC Heap History (10 events):
Event: 17.619 GC heap before
{Heap before GC invocations=14 (full 2):
 PSYoungGen      total 128512K, used 126368K [0x00000000e0000000, 0x00000000ea700000, 0x0000000100000000)
  eden space 115712K, 100% used [0x00000000e0000000,0x00000000e7100000,0x00000000e7100000)
  from space 12800K, 83% used [0x00000000e7100000,0x00000000e7b681f0,0x00000000e7d80000)
  to   space 13824K, 0% used [0x00000000e9980000,0x00000000e9980000,0x00000000ea700000)
 ParOldGen       total 87040K, used 23025K [0x00000000a0000000, 0x00000000a5500000, 0x00000000e0000000)
  object space 87040K, 26% used [0x00000000a0000000,0x00000000a167c7e8,0x00000000a5500000)
 Metaspace       used 56749K, capacity 58716K, committed 58880K, reserved 1099776K
  class space    used 7894K, capacity 8391K, committed 8448K, reserved 1048576K
Event: 17.642 GC heap after
Heap after GC invocations=14 (full 2):
 PSYoungGen      total 156160K, used 12565K [0x00000000e0000000, 0x00000000eaf80000, 0x0000000100000000)
  eden space 142336K, 0% used [0x00000000e0000000,0x00000000e0000000,0x00000000e8b00000)
  from space 13824K, 90% used [0x00000000e9980000,0x00000000ea5c5428,0x00000000ea700000)
  to   space 14848K, 0% used [0x00000000e8b00000,0x00000000e8b00000,0x00000000e9980000)
 ParOldGen       total 87040K, used 27940K [0x00000000a0000000, 0x00000000a5500000, 0x00000000e0000000)
  object space 87040K, 32% used [0x00000000a0000000,0x00000000a1b49258,0x00000000a5500000)
 Metaspace       used 56749K, capacity 58716K, committed 58880K, reserved 1099776K
  class space    used 7894K, capacity 8391K, committed 8448K, reserved 1048576K
}
Event: 17.735 GC heap before
{Heap before GC invocations=15 (full 2):
 PSYoungGen      total 156160K, used 20819K [0x00000000e0000000, 0x00000000eaf80000, 0x0000000100000000)
  eden space 142336K, 5% used [0x00000000e0000000,0x00000000e080f868,0x00000000e8b00000)
  from space 13824K, 90% used [0x00000000e9980000,0x00000000ea5c5428,0x00000000ea700000)
  to   space 14848K, 0% used [0x00000000e8b00000,0x00000000e8b00000,0x00000000e9980000)
 ParOldGen       total 87040K, used 27940K [0x00000000a0000000, 0x00000000a5500000, 0x00000000e0000000)
  object space 87040K, 32% used [0x00000000a0000000,0x00000000a1b49258,0x00000000a5500000)
 Metaspace       used 57043K, capacity 59010K, committed 59096K, reserved 1099776K
  class space    used 7943K, capacity 8424K, committed 8448K, reserved 1048576K
Event: 17.744 GC heap after
Heap after GC invocations=15 (full 2):
 PSYoungGen      total 157184K, used 768K [0x00000000e0000000, 0x00000000ee200000, 0x0000000100000000)
  eden space 142336K, 0% used [0x00000000e0000000,0x00000000e0000000,0x00000000e8b00000)
  from space 14848K, 5% used [0x00000000e8b00000,0x00000000e8bc0000,0x00000000e9980000)
  to   space 15360K, 0% used [0x00000000ed300000,0x00000000ed300000,0x00000000ee200000)
 ParOldGen       total 87040K, used 36038K [0x00000000a0000000, 0x00000000a5500000, 0x00000000e0000000)
  object space 87040K, 41% used [0x00000000a0000000,0x00000000a2331ab8,0x00000000a5500000)
 Metaspace       used 57043K, capacity 59010K, committed 59096K, reserved 1099776K
  class space    used 7943K, capacity 8424K, committed 8448K, reserved 1048576K
}
Event: 17.744 GC heap before
{Heap before GC invocations=16 (full 3):
 PSYoungGen      total 157184K, used 768K [0x00000000e0000000, 0x00000000ee200000, 0x0000000100000000)
  eden space 142336K, 0% used [0x00000000e0000000,0x00000000e0000000,0x00000000e8b00000)
  from space 14848K, 5% used [0x00000000e8b00000,0x00000000e8bc0000,0x00000000e9980000)
  to   space 15360K, 0% used [0x00000000ed300000,0x00000000ed300000,0x00000000ee200000)
 ParOldGen       total 87040K, used 36038K [0x00000000a0000000, 0x00000000a5500000, 0x00000000e0000000)
  object space 87040K, 41% used [0x00000000a0000000,0x00000000a2331ab8,0x00000000a5500000)
 Metaspace       used 57043K, capacity 59010K, committed 59096K, reserved 1099776K
  class space    used 7943K, capacity 8424K, committed 8448K, reserved 1048576K
Event: 18.022 GC heap after
Heap after GC invocations=16 (full 3):
 PSYoungGen      total 157184K, used 0K [0x00000000e0000000, 0x00000000ee200000, 0x0000000100000000)
  eden space 142336K, 0% used [0x00000000e0000000,0x00000000e0000000,0x00000000e8b00000)
  from space 14848K, 0% used [0x00000000e8b00000,0x00000000e8b00000,0x00000000e9980000)
  to   space 15360K, 0% used [0x00000000ed300000,0x00000000ed300000,0x00000000ee200000)
 ParOldGen       total 122880K, used 33900K [0x00000000a0000000, 0x00000000a7800000, 0x00000000e0000000)
  object space 122880K, 27% used [0x00000000a0000000,0x00000000a211b3b0,0x00000000a7800000)
 Metaspace       used 57043K, capacity 59010K, committed 59096K, reserved 1099776K
  class space    used 7943K, capacity 8424K, committed 8448K, reserved 1048576K
}
Event: 19.356 GC heap before
{Heap before GC invocations=17 (full 3):
 PSYoungGen      total 157184K, used 142336K [0x00000000e0000000, 0x00000000ee200000, 0x0000000100000000)
  eden space 142336K, 100% used [0x00000000e0000000,0x00000000e8b00000,0x00000000e8b00000)
  from space 14848K, 0% used [0x00000000e8b00000,0x00000000e8b00000,0x00000000e9980000)
  to   space 15360K, 0% used [0x00000000ed300000,0x00000000ed300000,0x00000000ee200000)
 ParOldGen       total 122880K, used 33900K [0x00000000a0000000, 0x00000000a7800000, 0x00000000e0000000)
  object space 122880K, 27% used [0x00000000a0000000,0x00000000a211b3b0,0x00000000a7800000)
 Metaspace       used 59249K, capacity 61286K, committed 61568K, reserved 1101824K
  class space    used 8258K, capacity 8750K, committed 8832K, reserved 1048576K
Event: 19.370 GC heap after
Heap after GC invocations=17 (full 3):
 PSYoungGen      total 203264K, used 15343K [0x00000000e0000000, 0x00000000ee200000, 0x0000000100000000)
  eden space 187904K, 0% used [0x00000000e0000000,0x00000000e0000000,0x00000000eb780000)
  from space 15360K, 99% used [0x00000000ed300000,0x00000000ee1fbca0,0x00000000ee200000)
  to   space 17920K, 0% used [0x00000000ebf00000,0x00000000ebf00000,0x00000000ed080000)
 ParOldGen       total 122880K, used 34949K [0x00000000a0000000, 0x00000000a7800000, 0x00000000e0000000)
  object space 122880K, 28% used [0x00000000a0000000,0x00000000a22216e8,0x00000000a7800000)
 Metaspace       used 59249K, capacity 61286K, committed 61568K, reserved 1101824K
  class space    used 8258K, capacity 8750K, committed 8832K, reserved 1048576K
}
Event: 29.835 GC heap before
{Heap before GC invocations=18 (full 3):
 PSYoungGen      total 203264K, used 203247K [0x00000000e0000000, 0x00000000ee200000, 0x0000000100000000)
  eden space 187904K, 100% used [0x00000000e0000000,0x00000000eb780000,0x00000000eb780000)
  from space 15360K, 99% used [0x00000000ed300000,0x00000000ee1fbca0,0x00000000ee200000)
  to   space 17920K, 0% used [0x00000000ebf00000,0x00000000ebf00000,0x00000000ed080000)
 ParOldGen       total 122880K, used 34949K [0x00000000a0000000, 0x00000000a7800000, 0x00000000e0000000)
  object space 122880K, 28% used [0x00000000a0000000,0x00000000a22216e8,0x00000000a7800000)
 Metaspace       used 64654K, capacity 67118K, committed 67200K, reserved 1107968K
  class space    used 8740K, capacity 9325K, committed 9344K, reserved 1048576K
Event: 29.860 GC heap after
Heap after GC invocations=18 (full 3):
 PSYoungGen      total 213504K, used 7503K [0x00000000e0000000, 0x00000000f0d80000, 0x0000000100000000)
  eden space 195584K, 0% used [0x00000000e0000000,0x00000000e0000000,0x00000000ebf00000)
  from space 17920K, 41% used [0x00000000ebf00000,0x00000000ec653cf0,0x00000000ed080000)
  to   space 17408K, 0% used [0x00000000efc80000,0x00000000efc80000,0x00000000f0d80000)
 ParOldGen       total 122880K, used 49761K [0x00000000a0000000, 0x00000000a7800000, 0x00000000e0000000)
  object space 122880K, 40% used [0x00000000a0000000,0x00000000a30987d8,0x00000000a7800000)
 Metaspace       used 64654K, capacity 67118K, committed 67200K, reserved 1107968K
  class space    used 8740K, capacity 9325K, committed 9344K, reserved 1048576K
}

